InCheck(0, 0, 1, 2, 0, 1) InCheck(0, 0, 1, 2, 0, 2) InCheck(0, 0, 1, 2, 0, 3) InCheck(0, 0, 1, 3, 0, 1) 
InCheck(0, 0, 1, 3, 0, 2) InCheck(0, 0, 1, 3, 0, 3) InCheck(0, 0, 2, 0, 0, 1) InCheck(0, 0, 2, 0, 0, 2) 
InCheck(0, 0, 2, 0, 0, 3) InCheck(0, 0, 2, 1, 0, 1) InCheck(0, 0, 2, 1, 0, 2) InCheck(0, 0, 2, 1, 0, 3) 
InCheck(0, 0, 2, 2, 0, 1) InCheck(0, 0, 2, 2, 0, 2) InCheck(0, 0, 2, 2, 0, 3) InCheck(0, 0, 2, 3, 0, 1) 
InCheck(0, 0, 2, 3, 0, 2) InCheck(0, 0, 2, 3, 0, 3) InCheck(0, 0, 3, 0, 0, 1) InCheck(0, 0, 3, 0, 0, 2) 
InCheck(0, 0, 3, 0, 0, 3) InCheck(0, 0, 3, 1, 0, 1) InCheck(0, 0, 3, 1, 0, 2) InCheck(0, 0, 3, 1, 0, 3) 
InCheck(0, 0, 3, 2, 0, 1) InCheck(0, 0, 3, 2, 0, 2) InCheck(0, 0, 3, 2, 0, 3) InCheck(0, 0, 3, 3, 0, 1) 
InCheck(0, 0, 3, 3, 0, 2) InCheck(0, 0, 3, 3, 0, 3) InCheck(0, 1, 1, 3, 0, 0) InCheck(0, 1, 1, 3, 0, 2) 
InCheck(0, 1, 1, 3, 0, 3) InCheck(0, 1, 2, 0, 0, 0) InCheck(0, 1, 2, 0, 0, 2) InCheck(0, 1, 2, 0, 0, 3) 
InCheck(0, 1, 2, 1, 0, 0) InCheck(0, 1, 2, 1, 0, 2) InCheck(0, 1, 2, 1, 0, 3) InCheck(0, 1, 2, 2, 0, 0) 
InCheck(0, 1, 2, 2, 0, 2) InCheck(0, 1, 2, 2, 0, 3) InCheck(0, 1, 2, 3, 0, 0) InCheck(0, 1, 2, 3, 0, 2) 
InCheck(0, 1, 2, 3, 0, 3) InCheck(0, 1, 3, 0, 0, 0) InCheck(0, 1, 3, 0, 0, 2) InCheck(0, 1, 3, 0, 0, 3) 
InCheck(0, 1, 3, 1, 0, 0) InCheck(0, 1, 3, 1, 0, 2) InCheck(0, 1, 3, 1, 0, 3) InCheck(0, 1, 3, 2, 0, 0) 
InCheck(0, 1, 3, 2, 0, 2) InCheck(0, 1, 3, 2, 0, 3) InCheck(0, 1, 3, 3, 0, 0) InCheck(0, 1, 3, 3, 0, 2) 
InCheck(0, 1, 3, 3, 0, 3) InCheck(0, 2, 1, 0, 0, 0) InCheck(0, 2, 1, 0, 0, 1) InCheck(0, 2, 1, 0, 0, 3) 
InCheck(0, 2, 2, 0, 0, 0) InCheck(0, 2, 2, 0, 0, 1) InCheck(0, 2, 2, 0, 0, 3) InCheck(0, 2, 2, 1, 0, 0) 
InCheck(0, 2, 2, 1, 0, 1) InCheck(0, 2, 2, 1, 0, 3) InCheck(0, 2, 2, 2, 0, 0) InCheck(0, 2, 2, 2, 0, 1) 
InCheck(0, 2, 2, 2, 0, 3) InCheck(0, 2, 2, 3, 0, 0) InCheck(0, 2, 2, 3, 0, 1) InCheck(0, 2, 2, 3, 0, 3) 
InCheck(0, 2, 3, 0, 0, 0) InCheck(0, 2, 3, 0, 0, 1) InCheck(0, 2, 3, 0, 0, 3) InCheck(0, 2, 3, 1, 0, 0) 
InCheck(0, 2, 3, 1, 0, 1) InCheck(0, 2, 3, 1, 0, 3) InCheck(0, 2, 3, 2, 0, 0) InCheck(0, 2, 3, 2, 0, 1) 
InCheck(0, 2, 3, 2, 0, 3) InCheck(0, 2, 3, 3, 0, 0) InCheck(0, 2, 3, 3, 0, 1) InCheck(0, 2, 3, 3, 0, 3) 
InCheck(0, 3, 1, 0, 0, 0) InCheck(0, 3, 1, 0, 0, 1) InCheck(0, 3, 1, 0, 0, 2) InCheck(0, 3, 1, 1, 0, 0) 
InCheck(0, 3, 1, 1, 0, 1) InCheck(0, 3, 1, 1, 0, 2) InCheck(0, 3, 2, 0, 0, 0) InCheck(0, 3, 2, 0, 0, 1) 
InCheck(0, 3, 2, 0, 0, 2) InCheck(0, 3, 2, 1, 0, 0) InCheck(0, 3, 2, 1, 0, 1) InCheck(0, 3, 2, 1, 0, 2) 
InCheck(0, 3, 2, 2, 0, 0) InCheck(0, 3, 2, 2, 0, 1) InCheck(0, 3, 2, 2, 0, 2) InCheck(0, 3, 2, 3, 0, 0) 
InCheck(0, 3, 2, 3, 0, 1) InCheck(0, 3, 2, 3, 0, 2) InCheck(0, 3, 3, 0, 0, 0) InCheck(0, 3, 3, 0, 0, 1) 
InCheck(0, 3, 3, 0, 0, 2) InCheck(0, 3, 3, 1, 0, 0) InCheck(0, 3, 3, 1, 0, 1) InCheck(0, 3, 3, 1, 0, 2) 
InCheck(0, 3, 3, 2, 0, 0) InCheck(0, 3, 3, 2, 0, 1) InCheck(0, 3, 3, 2, 0, 2) InCheck(0, 3, 3, 3, 0, 0) 
InCheck(0, 3, 3, 3, 0, 1) InCheck(0, 3, 3, 3, 0, 2) InCheck(1, 0, 0, 2, 1, 1) InCheck(1, 0, 0, 2, 1, 2) 
InCheck(1, 0, 0, 2, 1, 3) InCheck(1, 0, 0, 3, 1, 1) InCheck(1, 0, 0, 3, 1, 2) InCheck(1, 0, 0, 3, 1, 3) 
InCheck(1, 0, 2, 2, 1, 1) InCheck(1, 0, 2, 2, 1, 2) InCheck(1, 0, 2, 2, 1, 3) InCheck(1, 0, 2, 3, 1, 1) 
InCheck(1, 0, 2, 3, 1, 2) InCheck(1, 0, 2, 3, 1, 3) InCheck(1, 0, 3, 0, 1, 1) InCheck(1, 0, 3, 0, 1, 2) 
InCheck(1, 0, 3, 0, 1, 3) InCheck(1, 0, 3, 1, 1, 1) InCheck(1, 0, 3, 1, 1, 2) InCheck(1, 0, 3, 1, 1, 3) 
InCheck(1, 0, 3, 2, 1, 1) InCheck(1, 0, 3, 2, 1, 2) InCheck(1, 0, 3, 2, 1, 3) InCheck(1, 0, 3, 3, 1, 1) 
InCheck(1, 0, 3, 3, 1, 2) InCheck(1, 0, 3, 3, 1, 3) InCheck(1, 1, 0, 3, 1, 0) InCheck(1, 1, 0, 3, 1, 2) 
InCheck(1, 1, 0, 3, 1, 3) InCheck(1, 1, 2, 3, 1, 0) InCheck(1, 1, 2, 3, 1, 2) InCheck(1, 1, 2, 3, 1, 3) 
InCheck(1, 1, 3, 0, 1, 0) InCheck(1, 1, 3, 0, 1, 2) InCheck(1, 1, 3, 0, 1, 3) InCheck(1, 1, 3, 1, 1, 0) 
InCheck(1, 1, 3, 1, 1, 2) InCheck(1, 1, 3, 1, 1, 3) InCheck(1, 1, 3, 2, 1, 0) InCheck(1, 1, 3, 2, 1, 2) 
InCheck(1, 1, 3, 2, 1, 3) InCheck(1, 1, 3, 3, 1, 0) InCheck(1, 1, 3, 3, 1, 2) InCheck(1, 1, 3, 3, 1, 3) 
InCheck(1, 2, 0, 0, 1, 0) InCheck(1, 2, 0, 0, 1, 1) InCheck(1, 2, 0, 0, 1, 3) InCheck(1, 2, 2, 0, 1, 0) 
InCheck(1, 2, 2, 0, 1, 1) InCheck(1, 2, 2, 0, 1, 3) InCheck(1, 2, 3, 0, 1, 0) InCheck(1, 2, 3, 0, 1, 1) 
InCheck(1, 2, 3, 0, 1, 3) InCheck(1, 2, 3, 1, 1, 0) InCheck(1, 2, 3, 1, 1, 1) InCheck(1, 2, 3, 1, 1, 3) 
InCheck(1, 2, 3, 2, 1, 0) InCheck(1, 2, 3, 2, 1, 1) InCheck(1, 2, 3, 2, 1, 3) InCheck(1, 2, 3, 3, 1, 0) 
InCheck(1, 2, 3, 3, 1, 1) InCheck(1, 2, 3, 3, 1, 3) InCheck(1, 3, 0, 0, 1, 0) InCheck(1, 3, 0, 0, 1, 1) 
InCheck(1, 3, 0, 0, 1, 2) InCheck(1, 3, 0, 1, 1, 0) InCheck(1, 3, 0, 1, 1, 1) InCheck(1, 3, 0, 1, 1, 2) 
InCheck(1, 3, 2, 0, 1, 0) InCheck(1, 3, 2, 0, 1, 1) InCheck(1, 3, 2, 0, 1, 2) InCheck(1, 3, 2, 1, 1, 0) 
InCheck(1, 3, 2, 1, 1, 1) InCheck(1, 3, 2, 1, 1, 2) InCheck(1, 3, 3, 0, 1, 0) InCheck(1, 3, 3, 0, 1, 1) 
InCheck(1, 3, 3, 0, 1, 2) InCheck(1, 3, 3, 1, 1, 0) InCheck(1, 3, 3, 1, 1, 1) InCheck(1, 3, 3, 1, 1, 2) 
InCheck(1, 3, 3, 2, 1, 0) InCheck(1, 3, 3, 2, 1, 1) InCheck(1, 3, 3, 2, 1, 2) InCheck(1, 3, 3, 3, 1, 0) 
InCheck(1, 3, 3, 3, 1, 1) InCheck(1, 3, 3, 3, 1, 2) InCheck(2, 0, 0, 0, 2, 1) InCheck(2, 0, 0, 0, 2, 2) 
InCheck(2, 0, 0, 0, 2, 3) InCheck(2, 0, 0, 1, 2, 1) InCheck(2, 0, 0, 1, 2, 2) InCheck(2, 0, 0, 1, 2, 3) 
InCheck(2, 0, 0, 2, 2, 1) InCheck(2, 0, 0, 2, 2, 2) InCheck(2, 0, 0, 2, 2, 3) InCheck(2, 0, 0, 3, 2, 1) 
InCheck(2, 0, 0, 3, 2, 2) InCheck(2, 0, 0, 3, 2, 3) InCheck(2, 0, 1, 2, 2, 1) InCheck(2, 0, 1, 2, 2, 2) 
InCheck(2, 0, 1, 2, 2, 3) InCheck(2, 0, 1, 3, 2, 1) InCheck(2, 0, 1, 3, 2, 2) InCheck(2, 0, 1, 3, 2, 3) 
InCheck(2, 0, 3, 2, 2, 1) InCheck(2, 0, 3, 2, 2, 2) InCheck(2, 0, 3, 2, 2, 3) InCheck(2, 0, 3, 3, 2, 1) 
InCheck(2, 0, 3, 3, 2, 2) InCheck(2, 0, 3, 3, 2, 3) InCheck(2, 1, 0, 0, 2, 0) InCheck(2, 1, 0, 0, 2, 2) 
InCheck(2, 1, 0, 0, 2, 3) InCheck(2, 1, 0, 1, 2, 0) InCheck(2, 1, 0, 1, 2, 2) InCheck(2, 1, 0, 1, 2, 3) 
InCheck(2, 1, 0, 2, 2, 0) InCheck(2, 1, 0, 2, 2, 2) InCheck(2, 1, 0, 2, 2, 3) InCheck(2, 1, 0, 3, 2, 0) 
InCheck(2, 1, 0, 3, 2, 2) InCheck(2, 1, 0, 3, 2, 3) InCheck(2, 1, 1, 3, 2, 0) InCheck(2, 1, 1, 3, 2, 2) 
InCheck(2, 1, 1, 3, 2, 3) InCheck(2, 1, 3, 3, 2, 0) InCheck(2, 1, 3, 3, 2, 2) InCheck(2, 1, 3, 3, 2, 3) 
InCheck(2, 2, 0, 0, 2, 0) InCheck(2, 2, 0, 0, 2, 1) InCheck(2, 2, 0, 0, 2, 3) InCheck(2, 2, 0, 1, 2, 0) 
InCheck(2, 2, 0, 1, 2, 1) InCheck(2, 2, 0, 1, 2, 3) InCheck(2, 2, 0, 2, 2, 0) InCheck(2, 2, 0, 2, 2, 1) 
InCheck(2, 2, 0, 2, 2, 3) InCheck(2, 2, 0, 3, 2, 0) InCheck(2, 2, 0, 3, 2, 1) InCheck(2, 2, 0, 3, 2, 3) 
InCheck(2, 2, 1, 0, 2, 0) InCheck(2, 2, 1, 0, 2, 1) InCheck(2, 2, 1, 0, 2, 3) InCheck(2, 2, 3, 0, 2, 0) 
InCheck(2, 2, 3, 0, 2, 1) InCheck(2, 2, 3, 0, 2, 3) InCheck(2, 3, 0, 0, 2, 0) InCheck(2, 3, 0, 0, 2, 1) 
InCheck(2, 3, 0, 0, 2, 2) InCheck(2, 3, 0, 1, 2, 0) InCheck(2, 3, 0, 1, 2, 1) InCheck(2, 3, 0, 1, 2, 2) 
InCheck(2, 3, 0, 2, 2, 0) InCheck(2, 3, 0, 2, 2, 1) InCheck(2, 3, 0, 2, 2, 2) InCheck(2, 3, 0, 3, 2, 0) 
InCheck(2, 3, 0, 3, 2, 1) InCheck(2, 3, 0, 3, 2, 2) InCheck(2, 3, 1, 0, 2, 0) InCheck(2, 3, 1, 0, 2, 1) 
InCheck(2, 3, 1, 0, 2, 2) InCheck(2, 3, 1, 1, 2, 0) InCheck(2, 3, 1, 1, 2, 1) InCheck(2, 3, 1, 1, 2, 2) 
InCheck(2, 3, 3, 0, 2, 0) InCheck(2, 3, 3, 0, 2, 1) InCheck(2, 3, 3, 0, 2, 2) InCheck(2, 3, 3, 1, 2, 0) 
InCheck(2, 3, 3, 1, 2, 1) InCheck(2, 3, 3, 1, 2, 2) InCheck(3, 0, 0, 0, 3, 1) InCheck(3, 0, 0, 0, 3, 2) 
InCheck(3, 0, 0, 0, 3, 3) InCheck(3, 0, 0, 1, 3, 1) InCheck(3, 0, 0, 1, 3, 2) InCheck(3, 0, 0, 1, 3, 3) 
InCheck(3, 0, 0, 2, 3, 1) InCheck(3, 0, 0, 2, 3, 2) InCheck(3, 0, 0, 2, 3, 3) InCheck(3, 0, 0, 3, 3, 1) 
InCheck(3, 0, 0, 3, 3, 2) InCheck(3, 0, 0, 3, 3, 3) InCheck(3, 0, 1, 0, 3, 1) InCheck(3, 0, 1, 0, 3, 2) 
InCheck(3, 0, 1, 0, 3, 3) InCheck(3, 0, 1, 1, 3, 1) InCheck(3, 0, 1, 1, 3, 2) InCheck(3, 0, 1, 1, 3, 3) 
InCheck(3, 0, 1, 2, 3, 1) InCheck(3, 0, 1, 2, 3, 2) InCheck(3, 0, 1, 2, 3, 3) InCheck(3, 0, 1, 3, 3, 1) 
InCheck(3, 0, 1, 3, 3, 2) InCheck(3, 0, 1, 3, 3, 3) InCheck(3, 0, 2, 2, 3, 1) InCheck(3, 0, 2, 2, 3, 2) 
InCheck(3, 0, 2, 2, 3, 3) InCheck(3, 0, 2, 3, 3, 1) InCheck(3, 0, 2, 3, 3, 2) InCheck(3, 0, 2, 3, 3, 3) 
InCheck(3, 1, 0, 0, 3, 0) InCheck(3, 1, 0, 0, 3, 2) InCheck(3, 1, 0, 0, 3, 3) InCheck(3, 1, 0, 1, 3, 0) 
InCheck(3, 1, 0, 1, 3, 2) InCheck(3, 1, 0, 1, 3, 3) InCheck(3, 1, 0, 2, 3, 0) InCheck(3, 1, 0, 2, 3, 2) 
InCheck(3, 1, 0, 2, 3, 3) InCheck(3, 1, 0, 3, 3, 0) InCheck(3, 1, 0, 3, 3, 2) InCheck(3, 1, 0, 3, 3, 3) 
InCheck(3, 1, 1, 0, 3, 0) InCheck(3, 1, 1, 0, 3, 2) InCheck(3, 1, 1, 0, 3, 3) InCheck(3, 1, 1, 1, 3, 0) 
InCheck(3, 1, 1, 1, 3, 2) InCheck(3, 1, 1, 1, 3, 3) InCheck(3, 1, 1, 2, 3, 0) InCheck(3, 1, 1, 2, 3, 2) 
InCheck(3, 1, 1, 2, 3, 3) InCheck(3, 1, 1, 3, 3, 0) InCheck(3, 1, 1, 3, 3, 2) InCheck(3, 1, 1, 3, 3, 3) 
InCheck(3, 1, 2, 3, 3, 0) InCheck(3, 1, 2, 3, 3, 2) InCheck(3, 1, 2, 3, 3, 3) InCheck(3, 2, 0, 0, 3, 0) 
InCheck(3, 2, 0, 0, 3, 1) InCheck(3, 2, 0, 0, 3, 3) InCheck(3, 2, 0, 1, 3, 0) InCheck(3, 2, 0, 1, 3, 1) 
InCheck(3, 2, 0, 1, 3, 3) InCheck(3, 2, 0, 2, 3, 0) InCheck(3, 2, 0, 2, 3, 1) InCheck(3, 2, 0, 2, 3, 3) 
InCheck(3, 2, 0, 3, 3, 0) InCheck(3, 2, 0, 3, 3, 1) InCheck(3, 2, 0, 3, 3, 3) InCheck(3, 2, 1, 0, 3, 0) 
InCheck(3, 2, 1, 0, 3, 1) InCheck(3, 2, 1, 0, 3, 3) InCheck(3, 2, 1, 1, 3, 0) InCheck(3, 2, 1, 1, 3, 1) 
InCheck(3, 2, 1, 1, 3, 3) InCheck(3, 2, 1, 2, 3, 0) InCheck(3, 2, 1, 2, 3, 1) InCheck(3, 2, 1, 2, 3, 3) 
InCheck(3, 2, 1, 3, 3, 0) InCheck(3, 2, 1, 3, 3, 1) InCheck(3, 2, 1, 3, 3, 3) InCheck(3, 2, 2, 0, 3, 0) 
InCheck(3, 2, 2, 0, 3, 1) InCheck(3, 2, 2, 0, 3, 3) InCheck(3, 3, 0, 0, 3, 0) InCheck(3, 3, 0, 0, 3, 1) 
InCheck(3, 3, 0, 0, 3, 2) InCheck(3, 3, 0, 1, 3, 0) InCheck(3, 3, 0, 1, 3, 1) InCheck(3, 3, 0, 1, 3, 2) 
InCheck(3, 3, 0, 2, 3, 0) InCheck(3, 3, 0, 2, 3, 1) InCheck(3, 3, 0, 2, 3, 2) InCheck(3, 3, 0, 3, 3, 0) 
InCheck(3, 3, 0, 3, 3, 1) InCheck(3, 3, 0, 3, 3, 2) InCheck(3, 3, 1, 0, 3, 0) InCheck(3, 3, 1, 0, 3, 1) 
InCheck(3, 3, 1, 0, 3, 2) InCheck(3, 3, 1, 1, 3, 0) InCheck(3, 3, 1, 1, 3, 1) InCheck(3, 3, 1, 1, 3, 2) 
InCheck(3, 3, 1, 2, 3, 0) InCheck(3, 3, 1, 2, 3, 1) InCheck(3, 3, 1, 2, 3, 2) InCheck(3, 3, 1, 3, 3, 0) 
InCheck(3, 3, 1, 3, 3, 1) InCheck(3, 3, 1, 3, 3, 2) InCheck(3, 3, 2, 0, 3, 0) InCheck(3, 3, 2, 0, 3, 1) 
InCheck(3, 3, 2, 0, 3, 2) InCheck(3, 3, 2, 1, 3, 0) InCheck(3, 3, 2, 1, 3, 1) InCheck(3, 3, 2, 1, 3, 2) 
InCheck(0, 0, 0, 2, 1, 0) InCheck(0, 0, 0, 2, 2, 0) InCheck(0, 0, 0, 2, 3, 0) InCheck(0, 0, 0, 3, 1, 0) 
InCheck(0, 0, 0, 3, 2, 0) InCheck(0, 0, 0, 3, 3, 0) InCheck(0, 0, 1, 2, 1, 0) InCheck(0, 0, 1, 2, 2, 0) 
InCheck(0, 0, 1, 2, 3, 0) InCheck(0, 0, 1, 3, 1, 0) InCheck(0, 0, 1, 3, 2, 0) InCheck(0, 0, 1, 3, 3, 0) 
InCheck(0, 0, 2, 1, 1, 0) InCheck(0, 0, 2, 1, 2, 0) InCheck(0, 0, 2, 1, 3, 0) InCheck(0, 0, 2, 2, 1, 0) 
InCheck(0, 0, 2, 2, 2, 0) InCheck(0, 0, 2, 2, 3, 0) InCheck(0, 0, 2, 3, 1, 0) InCheck(0, 0, 2, 3, 2, 0) 
InCheck(0, 0, 2, 3, 3, 0) InCheck(0, 0, 3, 1, 1, 0) InCheck(0, 0, 3, 1, 2, 0) InCheck(0, 0, 3, 1, 3, 0) 
InCheck(0, 0, 3, 2, 1, 0) InCheck(0, 0, 3, 2, 2, 0) InCheck(0, 0, 3, 2, 3, 0) InCheck(0, 0, 3, 3, 1, 0) 
InCheck(0, 0, 3, 3, 2, 0) InCheck(0, 0, 3, 3, 3, 0) InCheck(0, 1, 0, 3, 1, 1) InCheck(0, 1, 0, 3, 2, 1) 
InCheck(0, 1, 0, 3, 3, 1) InCheck(0, 1, 1, 3, 1, 1) InCheck(0, 1, 1, 3, 2, 1) InCheck(0, 1, 1, 3, 3, 1) 
InCheck(0, 1, 2, 0, 1, 1) InCheck(0, 1, 2, 0, 2, 1) InCheck(0, 1, 2, 0, 3, 1) InCheck(0, 1, 2, 2, 1, 1) 
InCheck(0, 1, 2, 2, 2, 1) InCheck(0, 1, 2, 2, 3, 1) InCheck(0, 1, 2, 3, 1, 1) InCheck(0, 1, 2, 3, 2, 1) 
InCheck(0, 1, 2, 3, 3, 1) InCheck(0, 1, 3, 0, 1, 1) InCheck(0, 1, 3, 0, 2, 1) InCheck(0, 1, 3, 0, 3, 1) 
InCheck(0, 1, 3, 2, 1, 1) InCheck(0, 1, 3, 2, 2, 1) InCheck(0, 1, 3, 2, 3, 1) InCheck(0, 1, 3, 3, 1, 1) 
InCheck(0, 1, 3, 3, 2, 1) InCheck(0, 1, 3, 3, 3, 1) InCheck(0, 2, 0, 0, 1, 2) InCheck(0, 2, 0, 0, 2, 2) 
InCheck(0, 2, 0, 0, 3, 2) InCheck(0, 2, 1, 0, 1, 2) InCheck(0, 2, 1, 0, 2, 2) InCheck(0, 2, 1, 0, 3, 2) 
InCheck(0, 2, 2, 0, 1, 2) InCheck(0, 2, 2, 0, 2, 2) InCheck(0, 2, 2, 0, 3, 2) InCheck(0, 2, 2, 1, 1, 2) 
InCheck(0, 2, 2, 1, 2, 2) InCheck(0, 2, 2, 1, 3, 2) InCheck(0, 2, 2, 3, 1, 2) InCheck(0, 2, 2, 3, 2, 2) 
InCheck(0, 2, 2, 3, 3, 2) InCheck(0, 2, 3, 0, 1, 2) InCheck(0, 2, 3, 0, 2, 2) InCheck(0, 2, 3, 0, 3, 2) 
InCheck(0, 2, 3, 1, 1, 2) InCheck(0, 2, 3, 1, 2, 2) InCheck(0, 2, 3, 1, 3, 2) InCheck(0, 2, 3, 3, 1, 2) 
InCheck(0, 2, 3, 3, 2, 2) InCheck(0, 2, 3, 3, 3, 2) InCheck(0, 3, 0, 0, 1, 3) InCheck(0, 3, 0, 0, 2, 3) 
InCheck(0, 3, 0, 0, 3, 3) InCheck(0, 3, 0, 1, 1, 3) InCheck(0, 3, 0, 1, 2, 3) InCheck(0, 3, 0, 1, 3, 3) 
InCheck(0, 3, 1, 0, 1, 3) InCheck(0, 3, 1, 0, 2, 3) InCheck(0, 3, 1, 0, 3, 3) InCheck(0, 3, 1, 1, 1, 3) 
InCheck(0, 3, 1, 1, 2, 3) InCheck(0, 3, 1, 1, 3, 3) InCheck(0, 3, 2, 0, 1, 3) InCheck(0, 3, 2, 0, 2, 3) 
InCheck(0, 3, 2, 0, 3, 3) InCheck(0, 3, 2, 1, 1, 3) InCheck(0, 3, 2, 1, 2, 3) InCheck(0, 3, 2, 1, 3, 3) 
InCheck(0, 3, 2, 2, 1, 3) InCheck(0, 3, 2, 2, 2, 3) InCheck(0, 3, 2, 2, 3, 3) InCheck(0, 3, 3, 0, 1, 3) 
InCheck(0, 3, 3, 0, 2, 3) InCheck(0, 3, 3, 0, 3, 3) InCheck(0, 3, 3, 1, 1, 3) InCheck(0, 3, 3, 1, 2, 3) 
InCheck(0, 3, 3, 1, 3, 3) InCheck(0, 3, 3, 2, 1, 3) InCheck(0, 3, 3, 2, 2, 3) InCheck(0, 3, 3, 2, 3, 3) 
InCheck(1, 0, 0, 2, 0, 0) InCheck(1, 0, 0, 2, 2, 0) InCheck(1, 0, 0, 2, 3, 0) InCheck(1, 0, 0, 3, 0, 0) 
InCheck(1, 0, 0, 3, 2, 0) InCheck(1, 0, 0, 3, 3, 0) InCheck(1, 0, 1, 2, 0, 0) InCheck(1, 0, 1, 2, 2, 0) 
InCheck(1, 0, 1, 2, 3, 0) InCheck(1, 0, 1, 3, 0, 0) InCheck(1, 0, 1, 3, 2, 0) InCheck(1, 0, 1, 3, 3, 0) 
InCheck(1, 0, 2, 2, 0, 0) InCheck(1, 0, 2, 2, 2, 0) InCheck(1, 0, 2, 2, 3, 0) InCheck(1, 0, 2, 3, 0, 0) 
InCheck(1, 0, 2, 3, 2, 0) InCheck(1, 0, 2, 3, 3, 0) InCheck(1, 0, 3, 1, 0, 0) InCheck(1, 0, 3, 1, 2, 0) 
InCheck(1, 0, 3, 1, 3, 0) InCheck(1, 0, 3, 2, 0, 0) InCheck(1, 0, 3, 2, 2, 0) InCheck(1, 0, 3, 2, 3, 0) 
InCheck(1, 0, 3, 3, 0, 0) InCheck(1, 0, 3, 3, 2, 0) InCheck(1, 0, 3, 3, 3, 0) InCheck(1, 1, 0, 3, 0, 1) 
InCheck(1, 1, 0, 3, 2, 1) InCheck(1, 1, 0, 3, 3, 1) InCheck(1, 1, 1, 3, 0, 1) InCheck(1, 1, 1, 3, 2, 1) 
InCheck(1, 1, 1, 3, 3, 1) InCheck(1, 1, 2, 3, 0, 1) InCheck(1, 1, 2, 3, 2, 1) InCheck(1, 1, 2, 3, 3, 1) 
InCheck(1, 1, 3, 0, 0, 1) InCheck(1, 1, 3, 0, 2, 1) InCheck(1, 1, 3, 0, 3, 1) InCheck(1, 1, 3, 2, 0, 1) 
InCheck(1, 1, 3, 2, 2, 1) InCheck(1, 1, 3, 2, 3, 1) InCheck(1, 1, 3, 3, 0, 1) InCheck(1, 1, 3, 3, 2, 1) 
InCheck(1, 1, 3, 3, 3, 1) InCheck(1, 2, 0, 0, 0, 2) InCheck(1, 2, 0, 0, 2, 2) InCheck(1, 2, 0, 0, 3, 2) 
InCheck(1, 2, 1, 0, 0, 2) InCheck(1, 2, 1, 0, 2, 2) InCheck(1, 2, 1, 0, 3, 2) InCheck(1, 2, 2, 0, 0, 2) 
InCheck(1, 2, 2, 0, 2, 2) InCheck(1, 2, 2, 0, 3, 2) InCheck(1, 2, 3, 0, 0, 2) InCheck(1, 2, 3, 0, 2, 2) 
InCheck(1, 2, 3, 0, 3, 2) InCheck(1, 2, 3, 1, 0, 2) InCheck(1, 2, 3, 1, 2, 2) InCheck(1, 2, 3, 1, 3, 2) 
InCheck(1, 2, 3, 3, 0, 2) InCheck(1, 2, 3, 3, 2, 2) InCheck(1, 2, 3, 3, 3, 2) InCheck(1, 3, 0, 0, 0, 3) 
InCheck(1, 3, 0, 0, 2, 3) InCheck(1, 3, 0, 0, 3, 3) InCheck(1, 3, 0, 1, 0, 3) InCheck(1, 3, 0, 1, 2, 3) 
InCheck(1, 3, 0, 1, 3, 3) InCheck(1, 3, 1, 0, 0, 3) InCheck(1, 3, 1, 0, 2, 3) InCheck(1, 3, 1, 0, 3, 3) 
InCheck(1, 3, 1, 1, 0, 3) InCheck(1, 3, 1, 1, 2, 3) InCheck(1, 3, 1, 1, 3, 3) InCheck(1, 3, 2, 0, 0, 3) 
InCheck(1, 3, 2, 0, 2, 3) InCheck(1, 3, 2, 0, 3, 3) InCheck(1, 3, 2, 1, 0, 3) InCheck(1, 3, 2, 1, 2, 3) 
InCheck(1, 3, 2, 1, 3, 3) InCheck(1, 3, 3, 0, 0, 3) InCheck(1, 3, 3, 0, 2, 3) InCheck(1, 3, 3, 0, 3, 3) 
InCheck(1, 3, 3, 1, 0, 3) InCheck(1, 3, 3, 1, 2, 3) InCheck(1, 3, 3, 1, 3, 3) InCheck(1, 3, 3, 2, 0, 3) 
InCheck(1, 3, 3, 2, 2, 3) InCheck(1, 3, 3, 2, 3, 3) InCheck(2, 0, 0, 1, 0, 0) InCheck(2, 0, 0, 1, 1, 0) 
InCheck(2, 0, 0, 1, 3, 0) InCheck(2, 0, 0, 2, 0, 0) InCheck(2, 0, 0, 2, 1, 0) InCheck(2, 0, 0, 2, 3, 0) 
InCheck(2, 0, 0, 3, 0, 0) InCheck(2, 0, 0, 3, 1, 0) InCheck(2, 0, 0, 3, 3, 0) InCheck(2, 0, 1, 2, 0, 0) 
InCheck(2, 0, 1, 2, 1, 0) InCheck(2, 0, 1, 2, 3, 0) InCheck(2, 0, 1, 3, 0, 0) InCheck(2, 0, 1, 3, 1, 0) 
InCheck(2, 0, 1, 3, 3, 0) InCheck(2, 0, 2, 2, 0, 0) InCheck(2, 0, 2, 2, 1, 0) InCheck(2, 0, 2, 2, 3, 0) 
InCheck(2, 0, 2, 3, 0, 0) InCheck(2, 0, 2, 3, 1, 0) InCheck(2, 0, 2, 3, 3, 0) InCheck(2, 0, 3, 2, 0, 0) 
InCheck(2, 0, 3, 2, 1, 0) InCheck(2, 0, 3, 2, 3, 0) InCheck(2, 0, 3, 3, 0, 0) InCheck(2, 0, 3, 3, 1, 0) 
InCheck(2, 0, 3, 3, 3, 0) InCheck(2, 1, 0, 0, 0, 1) InCheck(2, 1, 0, 0, 1, 1) InCheck(2, 1, 0, 0, 3, 1) 
InCheck(2, 1, 0, 2, 0, 1) InCheck(2, 1, 0, 2, 1, 1) InCheck(2, 1, 0, 2, 3, 1) InCheck(2, 1, 0, 3, 0, 1) 
InCheck(2, 1, 0, 3, 1, 1) InCheck(2, 1, 0, 3, 3, 1) InCheck(2, 1, 1, 3, 0, 1) InCheck(2, 1, 1, 3, 1, 1) 
InCheck(2, 1, 1, 3, 3, 1) InCheck(2, 1, 2, 3, 0, 1) InCheck(2, 1, 2, 3, 1, 1) InCheck(2, 1, 2, 3, 3, 1) 
InCheck(2, 1, 3, 3, 0, 1) InCheck(2, 1, 3, 3, 1, 1) InCheck(2, 1, 3, 3, 3, 1) InCheck(2, 2, 0, 0, 0, 2) 
InCheck(2, 2, 0, 0, 1, 2) InCheck(2, 2, 0, 0, 3, 2) InCheck(2, 2, 0, 1, 0, 2) InCheck(2, 2, 0, 1, 1, 2) 
InCheck(2, 2, 0, 1, 3, 2) InCheck(2, 2, 0, 3, 0, 2) InCheck(2, 2, 0, 3, 1, 2) InCheck(2, 2, 0, 3, 3, 2) 
InCheck(2, 2, 1, 0, 0, 2) InCheck(2, 2, 1, 0, 1, 2) InCheck(2, 2, 1, 0, 3, 2) InCheck(2, 2, 2, 0, 0, 2) 
InCheck(2, 2, 2, 0, 1, 2) InCheck(2, 2, 2, 0, 3, 2) InCheck(2, 2, 3, 0, 0, 2) InCheck(2, 2, 3, 0, 1, 2) 
InCheck(2, 2, 3, 0, 3, 2) InCheck(2, 3, 0, 0, 0, 3) InCheck(2, 3, 0, 0, 1, 3) InCheck(2, 3, 0, 0, 3, 3) 
InCheck(2, 3, 0, 1, 0, 3) InCheck(2, 3, 0, 1, 1, 3) InCheck(2, 3, 0, 1, 3, 3) InCheck(2, 3, 0, 2, 0, 3) 
InCheck(2, 3, 0, 2, 1, 3) InCheck(2, 3, 0, 2, 3, 3) InCheck(2, 3, 1, 0, 0, 3) InCheck(2, 3, 1, 0, 1, 3) 
InCheck(2, 3, 1, 0, 3, 3) InCheck(2, 3, 1, 1, 0, 3) InCheck(2, 3, 1, 1, 1, 3) InCheck(2, 3, 1, 1, 3, 3) 
InCheck(2, 3, 2, 0, 0, 3) InCheck(2, 3, 2, 0, 1, 3) InCheck(2, 3, 2, 0, 3, 3) InCheck(2, 3, 2, 1, 0, 3) 
InCheck(2, 3, 2, 1, 1, 3) InCheck(2, 3, 2, 1, 3, 3) InCheck(2, 3, 3, 0, 0, 3) InCheck(2, 3, 3, 0, 1, 3) 
InCheck(2, 3, 3, 0, 3, 3) InCheck(2, 3, 3, 1, 0, 3) InCheck(2, 3, 3, 1, 1, 3) InCheck(2, 3, 3, 1, 3, 3) 
InCheck(3, 0, 0, 1, 0, 0) InCheck(3, 0, 0, 1, 1, 0) InCheck(3, 0, 0, 1, 2, 0) InCheck(3, 0, 0, 2, 0, 0) 
InCheck(3, 0, 0, 2, 1, 0) InCheck(3, 0, 0, 2, 2, 0) InCheck(3, 0, 0, 3, 0, 0) InCheck(3, 0, 0, 3, 1, 0) 
InCheck(3, 0, 0, 3, 2, 0) InCheck(3, 0, 1, 1, 0, 0) InCheck(3, 0, 1, 1, 1, 0) InCheck(3, 0, 1, 1, 2, 0) 
InCheck(3, 0, 1, 2, 0, 0) InCheck(3, 0, 1, 2, 1, 0) InCheck(3, 0, 1, 2, 2, 0) InCheck(3, 0, 1, 3, 0, 0) 
InCheck(3, 0, 1, 3, 1, 0) InCheck(3, 0, 1, 3, 2, 0) InCheck(3, 0, 2, 2, 0, 0) InCheck(3, 0, 2, 2, 1, 0) 
InCheck(3, 0, 2, 2, 2, 0) InCheck(3, 0, 2, 3, 0, 0) InCheck(3, 0, 2, 3, 1, 0) InCheck(3, 0, 2, 3, 2, 0) 
InCheck(3, 0, 3, 2, 0, 0) InCheck(3, 0, 3, 2, 1, 0) InCheck(3, 0, 3, 2, 2, 0) InCheck(3, 0, 3, 3, 0, 0) 
InCheck(3, 0, 3, 3, 1, 0) InCheck(3, 0, 3, 3, 2, 0) InCheck(3, 1, 0, 0, 0, 1) InCheck(3, 1, 0, 0, 1, 1) 
InCheck(3, 1, 0, 0, 2, 1) InCheck(3, 1, 0, 2, 0, 1) InCheck(3, 1, 0, 2, 1, 1) InCheck(3, 1, 0, 2, 2, 1) 
InCheck(3, 1, 0, 3, 0, 1) InCheck(3, 1, 0, 3, 1, 1) InCheck(3, 1, 0, 3, 2, 1) InCheck(3, 1, 1, 0, 0, 1) 
InCheck(3, 1, 1, 0, 1, 1) InCheck(3, 1, 1, 0, 2, 1) InCheck(3, 1, 1, 2, 0, 1) InCheck(3, 1, 1, 2, 1, 1) 
InCheck(3, 1, 1, 2, 2, 1) InCheck(3, 1, 1, 3, 0, 1) InCheck(3, 1, 1, 3, 1, 1) InCheck(3, 1, 1, 3, 2, 1) 
InCheck(3, 1, 2, 3, 0, 1) InCheck(3, 1, 2, 3, 1, 1) InCheck(3, 1, 2, 3, 2, 1) InCheck(3, 1, 3, 3, 0, 1) 
InCheck(3, 1, 3, 3, 1, 1) InCheck(3, 1, 3, 3, 2, 1) InCheck(3, 2, 0, 0, 0, 2) InCheck(3, 2, 0, 0, 1, 2) 
InCheck(3, 2, 0, 0, 2, 2) InCheck(3, 2, 0, 1, 0, 2) InCheck(3, 2, 0, 1, 1, 2) InCheck(3, 2, 0, 1, 2, 2) 
InCheck(3, 2, 0, 3, 0, 2) InCheck(3, 2, 0, 3, 1, 2) InCheck(3, 2, 0, 3, 2, 2) InCheck(3, 2, 1, 0, 0, 2) 
InCheck(3, 2, 1, 0, 1, 2) InCheck(3, 2, 1, 0, 2, 2) InCheck(3, 2, 1, 1, 0, 2) InCheck(3, 2, 1, 1, 1, 2) 
InCheck(3, 2, 1, 1, 2, 2) InCheck(3, 2, 1, 3, 0, 2) InCheck(3, 2, 1, 3, 1, 2) InCheck(3, 2, 1, 3, 2, 2) 
InCheck(3, 2, 2, 0, 0, 2) InCheck(3, 2, 2, 0, 1, 2) InCheck(3, 2, 2, 0, 2, 2) InCheck(3, 2, 3, 0, 0, 2) 
InCheck(3, 2, 3, 0, 1, 2) InCheck(3, 2, 3, 0, 2, 2) InCheck(3, 3, 0, 0, 0, 3) InCheck(3, 3, 0, 0, 1, 3) 
InCheck(3, 3, 0, 0, 2, 3) InCheck(3, 3, 0, 1, 0, 3) InCheck(3, 3, 0, 1, 1, 3) InCheck(3, 3, 0, 1, 2, 3) 
InCheck(3, 3, 0, 2, 0, 3) InCheck(3, 3, 0, 2, 1, 3) InCheck(3, 3, 0, 2, 2, 3) InCheck(3, 3, 1, 0, 0, 3) 
InCheck(3, 3, 1, 0, 1, 3) InCheck(3, 3, 1, 0, 2, 3) InCheck(3, 3, 1, 1, 0, 3) InCheck(3, 3, 1, 1, 1, 3) 
InCheck(3, 3, 1, 1, 2, 3) InCheck(3, 3, 1, 2, 0, 3) InCheck(3, 3, 1, 2, 1, 3) InCheck(3, 3, 1, 2, 2, 3) 
InCheck(3, 3, 2, 0, 0, 3) InCheck(3, 3, 2, 0, 1, 3) InCheck(3, 3, 2, 0, 2, 3) InCheck(3, 3, 2, 1, 0, 3) 
InCheck(3, 3, 2, 1, 1, 3) InCheck(3, 3, 2, 1, 2, 3) InCheck(3, 3, 3, 0, 0, 3) InCheck(3, 3, 3, 0, 1, 3) 
InCheck(3, 3, 3, 0, 2, 3) InCheck(3, 3, 3, 1, 0, 3) InCheck(3, 3, 3, 1, 1, 3) InCheck(3, 3, 3, 1, 2, 3) 
InCheck(0, 0, 0, 2, 0, 1) InCheck(0, 0, 0, 3, 0, 1) InCheck(0, 0, 2, 0, 1, 0) InCheck(0, 0, 3, 0, 1, 0) 
InCheck(0, 1, 0, 3, 0, 0) InCheck(0, 1, 0, 3, 0, 2) InCheck(0, 1, 2, 1, 1, 1) InCheck(0, 1, 3, 1, 1, 1) 
InCheck(0, 2, 0, 0, 0, 1) InCheck(0, 2, 0, 0, 0, 3) InCheck(0, 2, 2, 2, 1, 2) InCheck(0, 2, 3, 2, 1, 2) 
InCheck(0, 3, 0, 0, 0, 2) InCheck(0, 3, 0, 1, 0, 2) InCheck(0, 3, 2, 3, 1, 3) InCheck(0, 3, 3, 3, 1, 3) 
InCheck(1, 0, 1, 2, 1, 1) InCheck(1, 0, 1, 3, 1, 1) InCheck(1, 0, 3, 0, 0, 0) InCheck(1, 0, 3, 0, 2, 0) 
InCheck(1, 1, 1, 3, 1, 0) InCheck(1, 1, 1, 3, 1, 2) InCheck(1, 1, 3, 1, 0, 1) InCheck(1, 1, 3, 1, 2, 1) 
InCheck(1, 2, 1, 0, 1, 1) InCheck(1, 2, 1, 0, 1, 3) InCheck(1, 2, 3, 2, 0, 2) InCheck(1, 2, 3, 2, 2, 2) 
InCheck(1, 3, 1, 0, 1, 2) InCheck(1, 3, 1, 1, 1, 2) InCheck(1, 3, 3, 3, 0, 3) InCheck(1, 3, 3, 3, 2, 3) 
InCheck(2, 0, 0, 0, 1, 0) InCheck(2, 0, 0, 0, 3, 0) InCheck(2, 0, 2, 2, 2, 1) InCheck(2, 0, 2, 3, 2, 1) 
InCheck(2, 1, 0, 1, 1, 1) InCheck(2, 1, 0, 1, 3, 1) InCheck(2, 1, 2, 3, 2, 0) InCheck(2, 1, 2, 3, 2, 2) 
InCheck(2, 2, 0, 2, 1, 2) InCheck(2, 2, 0, 2, 3, 2) InCheck(2, 2, 2, 0, 2, 1) InCheck(2, 2, 2, 0, 2, 3) 
InCheck(2, 3, 0, 3, 1, 3) InCheck(2, 3, 0, 3, 3, 3) InCheck(2, 3, 2, 0, 2, 2) InCheck(2, 3, 2, 1, 2, 2) 
InCheck(3, 0, 0, 0, 2, 0) InCheck(3, 0, 1, 0, 2, 0) InCheck(3, 0, 3, 2, 3, 1) InCheck(3, 0, 3, 3, 3, 1) 
InCheck(3, 1, 0, 1, 2, 1) InCheck(3, 1, 1, 1, 2, 1) InCheck(3, 1, 3, 3, 3, 0) InCheck(3, 1, 3, 3, 3, 2) 
InCheck(3, 2, 0, 2, 2, 2) InCheck(3, 2, 1, 2, 2, 2) InCheck(3, 2, 3, 0, 3, 1) InCheck(3, 2, 3, 0, 3, 3) 
InCheck(3, 3, 0, 3, 2, 3) InCheck(3, 3, 1, 3, 2, 3) InCheck(3, 3, 3, 0, 3, 2) InCheck(3, 3, 3, 1, 3, 2) 
InCheck(0, 0, 0, 3, 0, 2) InCheck(0, 0, 3, 0, 2, 0) InCheck(0, 1, 3, 1, 2, 1) InCheck(0, 2, 3, 2, 2, 2) 
InCheck(0, 3, 0, 0, 0, 1) InCheck(0, 3, 3, 3, 2, 3) InCheck(1, 0, 1, 3, 1, 2) InCheck(1, 3, 1, 0, 1, 1) 
InCheck(2, 0, 2, 3, 2, 2) InCheck(2, 3, 2, 0, 2, 1) InCheck(3, 0, 0, 0, 1, 0) InCheck(3, 0, 3, 3, 3, 2) 
InCheck(3, 1, 0, 1, 1, 1) InCheck(3, 2, 0, 2, 1, 2) InCheck(3, 3, 0, 3, 1, 3) InCheck(3, 3, 3, 0, 3, 1) 
BestRule is: 
InCheck(BK,WK,WR) -: [Equal(BKR,WRR), ~Equal(BKC,WRC), ~Equal(BKR,WKR)]
                     [Equal(BKC,WRC), ~Equal(BKR,WRR), ~Equal(BKC,WKC)]
                     [Adjacent(BK,WR), ~Diagonal(BK,WR)]
                     [Relative20(BK,WR)]
