mate2WJ(0, 1, 2, 1, 1, 0) mate2WJ(0, 1, 2, 1, 1, 2) mate2WJ(0, 1, 2, 1, 2, 0) mate2WJ(0, 1, 2, 1, 2, 2) 
mate2WJ(0, 1, 2, 1, 3, 0) mate2WJ(0, 1, 2, 1, 3, 1) mate2WJ(0, 1, 2, 1, 3, 2) mate2WJ(0, 2, 2, 2, 1, 1) 
mate2WJ(0, 2, 2, 2, 1, 3) mate2WJ(0, 2, 2, 2, 2, 1) mate2WJ(0, 2, 2, 2, 2, 3) mate2WJ(0, 2, 2, 2, 3, 1) 
mate2WJ(0, 2, 2, 2, 3, 2) mate2WJ(0, 2, 2, 2, 3, 3) mate2WJ(1, 0, 1, 2, 0, 1) mate2WJ(1, 0, 1, 2, 0, 2) 
mate2WJ(1, 0, 1, 2, 0, 3) mate2WJ(1, 0, 1, 2, 1, 3) mate2WJ(1, 0, 1, 2, 2, 1) mate2WJ(1, 0, 1, 2, 2, 2) 
mate2WJ(1, 0, 1, 2, 2, 3) mate2WJ(1, 3, 1, 1, 0, 0) mate2WJ(1, 3, 1, 1, 0, 1) mate2WJ(1, 3, 1, 1, 0, 2) 
mate2WJ(1, 3, 1, 1, 1, 0) mate2WJ(1, 3, 1, 1, 2, 0) mate2WJ(1, 3, 1, 1, 2, 1) mate2WJ(1, 3, 1, 1, 2, 2) 
mate2WJ(2, 0, 2, 2, 1, 1) mate2WJ(2, 0, 2, 2, 1, 2) mate2WJ(2, 0, 2, 2, 1, 3) mate2WJ(2, 0, 2, 2, 2, 3) 
mate2WJ(2, 0, 2, 2, 3, 1) mate2WJ(2, 0, 2, 2, 3, 2) mate2WJ(2, 0, 2, 2, 3, 3) mate2WJ(2, 3, 2, 1, 1, 0) 
mate2WJ(2, 3, 2, 1, 1, 1) mate2WJ(2, 3, 2, 1, 1, 2) mate2WJ(2, 3, 2, 1, 2, 0) mate2WJ(2, 3, 2, 1, 3, 0) 
mate2WJ(2, 3, 2, 1, 3, 1) mate2WJ(2, 3, 2, 1, 3, 2) mate2WJ(3, 1, 1, 1, 0, 0) mate2WJ(3, 1, 1, 1, 0, 1) 
mate2WJ(3, 1, 1, 1, 0, 2) mate2WJ(3, 1, 1, 1, 1, 0) mate2WJ(3, 1, 1, 1, 1, 2) mate2WJ(3, 1, 1, 1, 2, 0) 
mate2WJ(3, 1, 1, 1, 2, 2) mate2WJ(3, 2, 1, 2, 0, 1) mate2WJ(3, 2, 1, 2, 0, 2) mate2WJ(3, 2, 1, 2, 0, 3) 
mate2WJ(3, 2, 1, 2, 1, 1) mate2WJ(3, 2, 1, 2, 1, 3) mate2WJ(3, 2, 1, 2, 2, 1) mate2WJ(3, 2, 1, 2, 2, 3) 
mate2WJ(0, 1, 1, 3, 3, 0) mate2WJ(0, 1, 2, 0, 3, 0) mate2WJ(0, 1, 2, 0, 3, 3) mate2WJ(0, 1, 2, 2, 3, 0) 
mate2WJ(0, 1, 2, 2, 3, 3) mate2WJ(0, 2, 1, 0, 3, 3) mate2WJ(0, 2, 2, 1, 3, 0) mate2WJ(0, 2, 2, 1, 3, 3) 
mate2WJ(0, 2, 2, 3, 3, 0) mate2WJ(0, 2, 2, 3, 3, 3) mate2WJ(1, 0, 0, 2, 0, 3) mate2WJ(1, 0, 0, 2, 3, 3) 
mate2WJ(1, 0, 2, 2, 0, 3) mate2WJ(1, 0, 2, 2, 3, 3) mate2WJ(1, 0, 3, 1, 0, 3) mate2WJ(1, 3, 0, 1, 0, 0) 
mate2WJ(1, 3, 0, 1, 3, 0) mate2WJ(1, 3, 2, 1, 0, 0) mate2WJ(1, 3, 2, 1, 3, 0) mate2WJ(1, 3, 3, 2, 0, 0) 
mate2WJ(2, 0, 0, 1, 3, 3) mate2WJ(2, 0, 1, 2, 0, 3) mate2WJ(2, 0, 1, 2, 3, 3) mate2WJ(2, 0, 3, 2, 0, 3) 
mate2WJ(2, 0, 3, 2, 3, 3) mate2WJ(2, 3, 0, 2, 3, 0) mate2WJ(2, 3, 1, 1, 0, 0) mate2WJ(2, 3, 1, 1, 3, 0) 
mate2WJ(2, 3, 3, 1, 0, 0) mate2WJ(2, 3, 3, 1, 3, 0) mate2WJ(3, 1, 1, 0, 0, 0) mate2WJ(3, 1, 1, 0, 0, 3) 
mate2WJ(3, 1, 1, 2, 0, 0) mate2WJ(3, 1, 1, 2, 0, 3) mate2WJ(3, 1, 2, 3, 0, 0) mate2WJ(3, 2, 1, 1, 0, 0) 
mate2WJ(3, 2, 1, 1, 0, 3) mate2WJ(3, 2, 1, 3, 0, 0) mate2WJ(3, 2, 1, 3, 0, 3) mate2WJ(3, 2, 2, 0, 0, 3) 
mate2WJ(0, 1, 2, 0, 1, 2) mate2WJ(0, 1, 2, 0, 2, 2) mate2WJ(0, 1, 3, 1, 1, 2) mate2WJ(0, 1, 3, 2, 1, 2) 
mate2WJ(0, 2, 2, 3, 1, 1) mate2WJ(0, 2, 2, 3, 2, 1) mate2WJ(0, 2, 3, 1, 1, 1) mate2WJ(0, 2, 3, 2, 1, 1) 
mate2WJ(1, 0, 0, 2, 2, 1) mate2WJ(1, 0, 0, 2, 2, 2) mate2WJ(1, 0, 1, 3, 2, 1) mate2WJ(1, 0, 2, 3, 2, 1) 
mate2WJ(1, 3, 0, 1, 2, 1) mate2WJ(1, 3, 0, 1, 2, 2) mate2WJ(1, 3, 1, 0, 2, 2) mate2WJ(1, 3, 2, 0, 2, 2) 
mate2WJ(2, 0, 1, 3, 1, 1) mate2WJ(2, 0, 2, 3, 1, 1) mate2WJ(2, 0, 3, 2, 1, 1) mate2WJ(2, 0, 3, 2, 1, 2) 
mate2WJ(2, 3, 1, 0, 1, 2) mate2WJ(2, 3, 2, 0, 1, 2) mate2WJ(2, 3, 3, 1, 1, 1) mate2WJ(2, 3, 3, 1, 1, 2) 
mate2WJ(3, 1, 0, 1, 2, 2) mate2WJ(3, 1, 0, 2, 2, 2) mate2WJ(3, 1, 1, 0, 1, 2) mate2WJ(3, 1, 1, 0, 2, 2) 
mate2WJ(3, 2, 0, 1, 2, 1) mate2WJ(3, 2, 0, 2, 2, 1) mate2WJ(3, 2, 1, 3, 1, 1) mate2WJ(3, 2, 1, 3, 2, 1) 
mate2WJ(0, 0, 1, 3, 3, 1) mate2WJ(0, 0, 1, 3, 3, 2) mate2WJ(0, 0, 1, 3, 3, 3) mate2WJ(0, 0, 2, 3, 3, 1) 
mate2WJ(0, 0, 3, 1, 1, 3) mate2WJ(0, 0, 3, 1, 2, 3) mate2WJ(0, 0, 3, 1, 3, 3) mate2WJ(0, 0, 3, 2, 1, 3) 
mate2WJ(0, 3, 1, 0, 3, 0) mate2WJ(0, 3, 1, 0, 3, 1) mate2WJ(0, 3, 1, 0, 3, 2) mate2WJ(0, 3, 2, 0, 3, 2) 
mate2WJ(0, 3, 3, 1, 1, 0) mate2WJ(0, 3, 3, 2, 1, 0) mate2WJ(0, 3, 3, 2, 2, 0) mate2WJ(0, 3, 3, 2, 3, 0) 
mate2WJ(3, 0, 0, 1, 0, 3) mate2WJ(3, 0, 0, 1, 1, 3) mate2WJ(3, 0, 0, 1, 2, 3) mate2WJ(3, 0, 0, 2, 2, 3) 
mate2WJ(3, 0, 1, 3, 0, 1) mate2WJ(3, 0, 2, 3, 0, 1) mate2WJ(3, 0, 2, 3, 0, 2) mate2WJ(3, 0, 2, 3, 0, 3) 
mate2WJ(3, 3, 0, 1, 2, 0) mate2WJ(3, 3, 0, 2, 0, 0) mate2WJ(3, 3, 0, 2, 1, 0) mate2WJ(3, 3, 0, 2, 2, 0) 
mate2WJ(3, 3, 1, 0, 0, 2) mate2WJ(3, 3, 2, 0, 0, 0) mate2WJ(3, 3, 2, 0, 0, 1) mate2WJ(3, 3, 2, 0, 0, 2) 
mate2WJ(0, 0, 2, 2, 1, 3) mate2WJ(0, 0, 2, 2, 2, 3) mate2WJ(0, 0, 2, 2, 3, 1) mate2WJ(0, 0, 2, 2, 3, 2) 
mate2WJ(0, 3, 2, 1, 1, 0) mate2WJ(0, 3, 2, 1, 2, 0) mate2WJ(0, 3, 2, 1, 3, 1) mate2WJ(0, 3, 2, 1, 3, 2) 
mate2WJ(3, 0, 1, 2, 0, 1) mate2WJ(3, 0, 1, 2, 0, 2) mate2WJ(3, 0, 1, 2, 1, 3) mate2WJ(3, 0, 1, 2, 2, 3) 
mate2WJ(3, 3, 1, 1, 0, 1) mate2WJ(3, 3, 1, 1, 0, 2) mate2WJ(3, 3, 1, 1, 1, 0) mate2WJ(3, 3, 1, 1, 2, 0) 
mate2WJ(0, 1, 2, 3, 2, 0) mate2WJ(0, 1, 2, 3, 3, 0) mate2WJ(0, 2, 2, 0, 2, 3) mate2WJ(0, 2, 2, 0, 3, 3) 
mate2WJ(1, 0, 3, 2, 0, 2) mate2WJ(1, 0, 3, 2, 0, 3) mate2WJ(1, 3, 3, 1, 0, 0) mate2WJ(1, 3, 3, 1, 0, 1) 
mate2WJ(2, 0, 0, 2, 3, 2) mate2WJ(2, 0, 0, 2, 3, 3) mate2WJ(2, 3, 0, 1, 3, 0) mate2WJ(2, 3, 0, 1, 3, 1) 
mate2WJ(3, 1, 1, 3, 0, 0) mate2WJ(3, 1, 1, 3, 1, 0) mate2WJ(3, 2, 1, 0, 0, 3) mate2WJ(3, 2, 1, 0, 1, 3) 
mate2WJ(0, 1, 3, 1, 2, 0) mate2WJ(0, 1, 3, 1, 2, 2) mate2WJ(0, 1, 3, 1, 3, 2) mate2WJ(0, 1, 3, 2, 2, 2) 
mate2WJ(0, 2, 3, 1, 2, 1) mate2WJ(0, 2, 3, 2, 2, 1) mate2WJ(0, 2, 3, 2, 2, 3) mate2WJ(0, 2, 3, 2, 3, 1) 
mate2WJ(1, 0, 1, 3, 0, 2) mate2WJ(1, 0, 1, 3, 2, 2) mate2WJ(1, 0, 1, 3, 2, 3) mate2WJ(1, 0, 2, 3, 2, 2) 
mate2WJ(1, 3, 1, 0, 0, 1) mate2WJ(1, 3, 1, 0, 2, 0) mate2WJ(1, 3, 1, 0, 2, 1) mate2WJ(1, 3, 2, 0, 2, 1) 
mate2WJ(2, 0, 1, 3, 1, 2) mate2WJ(2, 0, 2, 3, 1, 2) mate2WJ(2, 0, 2, 3, 1, 3) mate2WJ(2, 0, 2, 3, 3, 2) 
mate2WJ(2, 3, 1, 0, 1, 1) mate2WJ(2, 3, 2, 0, 1, 0) mate2WJ(2, 3, 2, 0, 1, 1) mate2WJ(2, 3, 2, 0, 3, 1) 
mate2WJ(3, 1, 0, 1, 0, 2) mate2WJ(3, 1, 0, 1, 1, 0) mate2WJ(3, 1, 0, 1, 1, 2) mate2WJ(3, 1, 0, 2, 1, 2) 
mate2WJ(3, 2, 0, 1, 1, 1) mate2WJ(3, 2, 0, 2, 0, 1) mate2WJ(3, 2, 0, 2, 1, 1) mate2WJ(3, 2, 0, 2, 1, 3) 
mate2WJ(0, 0, 0, 3, 3, 3) mate2WJ(0, 0, 2, 2, 3, 3) mate2WJ(0, 0, 2, 3, 3, 3) mate2WJ(0, 0, 3, 0, 3, 3) 
mate2WJ(0, 0, 3, 2, 3, 3) mate2WJ(0, 3, 0, 0, 3, 0) mate2WJ(0, 3, 2, 0, 3, 0) mate2WJ(0, 3, 2, 1, 3, 0) 
mate2WJ(0, 3, 3, 1, 3, 0) mate2WJ(0, 3, 3, 3, 3, 0) mate2WJ(3, 0, 0, 0, 0, 3) mate2WJ(3, 0, 0, 2, 0, 3) 
mate2WJ(3, 0, 1, 2, 0, 3) mate2WJ(3, 0, 1, 3, 0, 3) mate2WJ(3, 0, 3, 3, 0, 3) mate2WJ(3, 3, 0, 1, 0, 0) 
mate2WJ(3, 3, 0, 3, 0, 0) mate2WJ(3, 3, 1, 0, 0, 0) mate2WJ(3, 3, 1, 1, 0, 0) mate2WJ(3, 3, 3, 0, 0, 0) 
mate2WJ(0, 0, 1, 2, 1, 1) mate2WJ(0, 0, 2, 1, 1, 1) mate2WJ(0, 1, 2, 2, 1, 0) mate2WJ(0, 1, 2, 2, 1, 2) 
mate2WJ(0, 2, 2, 1, 1, 1) mate2WJ(0, 2, 2, 1, 1, 3) mate2WJ(0, 3, 1, 1, 1, 2) mate2WJ(0, 3, 2, 2, 1, 2) 
mate2WJ(1, 0, 2, 2, 0, 1) mate2WJ(1, 0, 2, 2, 2, 1) mate2WJ(1, 3, 2, 1, 0, 2) mate2WJ(1, 3, 2, 1, 2, 2) 
mate2WJ(2, 0, 1, 2, 1, 1) mate2WJ(2, 0, 1, 2, 3, 1) mate2WJ(2, 3, 1, 1, 1, 2) mate2WJ(2, 3, 1, 1, 3, 2) 
mate2WJ(3, 0, 1, 1, 2, 1) mate2WJ(3, 0, 2, 2, 2, 1) mate2WJ(3, 1, 1, 2, 2, 0) mate2WJ(3, 1, 1, 2, 2, 2) 
mate2WJ(3, 2, 1, 1, 2, 1) mate2WJ(3, 2, 1, 1, 2, 3) mate2WJ(3, 3, 1, 2, 2, 2) mate2WJ(3, 3, 2, 1, 2, 2) 
mate2WJ(0, 1, 2, 2, 3, 2) mate2WJ(0, 2, 2, 1, 3, 1) mate2WJ(1, 0, 2, 2, 2, 3) mate2WJ(1, 3, 2, 1, 2, 0) 
mate2WJ(2, 0, 1, 2, 1, 3) mate2WJ(2, 3, 1, 1, 1, 0) mate2WJ(3, 1, 1, 2, 0, 2) mate2WJ(3, 2, 1, 1, 0, 1) 
mate2WJ(0, 1, 2, 2, 2, 0) mate2WJ(0, 2, 2, 1, 2, 3) mate2WJ(1, 0, 2, 2, 0, 2) mate2WJ(1, 3, 2, 1, 0, 1) 
mate2WJ(2, 0, 1, 2, 3, 2) mate2WJ(2, 3, 1, 1, 3, 1) mate2WJ(3, 1, 1, 2, 1, 0) mate2WJ(3, 2, 1, 1, 1, 3) 
mate2WJ(0, 0, 0, 3, 3, 1) mate2WJ(0, 0, 0, 3, 3, 2) mate2WJ(0, 0, 3, 0, 1, 3) mate2WJ(0, 0, 3, 0, 2, 3) 
mate2WJ(0, 3, 0, 0, 3, 1) mate2WJ(0, 3, 0, 0, 3, 2) mate2WJ(0, 3, 3, 3, 1, 0) mate2WJ(0, 3, 3, 3, 2, 0) 
mate2WJ(3, 0, 0, 0, 1, 3) mate2WJ(3, 0, 0, 0, 2, 3) mate2WJ(3, 0, 3, 3, 0, 1) mate2WJ(3, 0, 3, 3, 0, 2) 
mate2WJ(3, 3, 0, 3, 1, 0) mate2WJ(3, 3, 0, 3, 2, 0) mate2WJ(3, 3, 3, 0, 0, 1) mate2WJ(3, 3, 3, 0, 0, 2) 
mate2WJ(0, 1, 3, 0, 3, 2) mate2WJ(0, 2, 3, 3, 3, 1) mate2WJ(1, 0, 0, 3, 2, 3) mate2WJ(1, 3, 0, 0, 2, 0) 
mate2WJ(2, 0, 3, 3, 1, 3) mate2WJ(2, 3, 3, 0, 1, 0) mate2WJ(3, 1, 0, 0, 0, 2) mate2WJ(3, 2, 0, 3, 0, 1) 
mate2WJ(0, 1, 3, 0, 2, 2) mate2WJ(0, 2, 3, 3, 2, 1) mate2WJ(1, 0, 0, 3, 2, 2) mate2WJ(1, 3, 0, 0, 2, 1) 
mate2WJ(2, 0, 3, 3, 1, 2) mate2WJ(2, 3, 3, 0, 1, 1) mate2WJ(3, 1, 0, 0, 1, 2) mate2WJ(3, 2, 0, 3, 1, 1) 
mate2WJ(0, 1, 2, 0, 2, 3) mate2WJ(0, 2, 2, 3, 2, 0) mate2WJ(1, 0, 0, 2, 3, 2) mate2WJ(1, 3, 0, 1, 3, 1) 
mate2WJ(2, 0, 3, 2, 0, 2) mate2WJ(2, 3, 3, 1, 0, 1) mate2WJ(3, 1, 1, 0, 1, 3) mate2WJ(3, 2, 1, 3, 1, 0) 
mate2WJ(0, 1, 2, 0, 3, 2) mate2WJ(0, 2, 2, 3, 3, 1) mate2WJ(1, 0, 0, 2, 2, 3) mate2WJ(1, 3, 0, 1, 2, 0) 
mate2WJ(2, 0, 3, 2, 1, 3) mate2WJ(2, 3, 3, 1, 1, 0) mate2WJ(3, 1, 1, 0, 0, 2) mate2WJ(3, 2, 1, 3, 0, 1) 
mate2WJ(0, 1, 3, 1, 3, 0) mate2WJ(0, 1, 3, 2, 3, 0) mate2WJ(0, 1, 3, 3, 3, 0) mate2WJ(0, 2, 3, 0, 3, 3) 
mate2WJ(0, 2, 3, 1, 3, 3) mate2WJ(0, 2, 3, 2, 3, 3) mate2WJ(1, 0, 1, 3, 0, 3) mate2WJ(1, 0, 2, 3, 0, 3) 
mate2WJ(1, 0, 3, 3, 0, 3) mate2WJ(1, 3, 1, 0, 0, 0) mate2WJ(1, 3, 2, 0, 0, 0) mate2WJ(1, 3, 3, 0, 0, 0) 
mate2WJ(2, 0, 0, 3, 3, 3) mate2WJ(2, 0, 1, 3, 3, 3) mate2WJ(2, 0, 2, 3, 3, 3) mate2WJ(2, 3, 0, 0, 3, 0) 
mate2WJ(2, 3, 1, 0, 3, 0) mate2WJ(2, 3, 2, 0, 3, 0) mate2WJ(3, 1, 0, 1, 0, 0) mate2WJ(3, 1, 0, 2, 0, 0) 
mate2WJ(3, 1, 0, 3, 0, 0) mate2WJ(3, 2, 0, 0, 0, 3) mate2WJ(3, 2, 0, 1, 0, 3) mate2WJ(3, 2, 0, 2, 0, 3) 
mate2WJ(0, 1, 1, 3, 2, 0) mate2WJ(0, 1, 3, 2, 2, 0) mate2WJ(0, 1, 3, 3, 2, 0) mate2WJ(0, 2, 1, 0, 2, 3) 
mate2WJ(0, 2, 3, 0, 2, 3) mate2WJ(0, 2, 3, 1, 2, 3) mate2WJ(1, 0, 2, 3, 0, 2) mate2WJ(1, 0, 3, 1, 0, 2) 
mate2WJ(1, 0, 3, 3, 0, 2) mate2WJ(1, 3, 2, 0, 0, 1) mate2WJ(1, 3, 3, 0, 0, 1) mate2WJ(1, 3, 3, 2, 0, 1) 
mate2WJ(2, 0, 0, 1, 3, 2) mate2WJ(2, 0, 0, 3, 3, 2) mate2WJ(2, 0, 1, 3, 3, 2) mate2WJ(2, 3, 0, 0, 3, 1) 
mate2WJ(2, 3, 0, 2, 3, 1) mate2WJ(2, 3, 1, 0, 3, 1) mate2WJ(3, 1, 0, 2, 1, 0) mate2WJ(3, 1, 0, 3, 1, 0) 
mate2WJ(3, 1, 2, 3, 1, 0) mate2WJ(3, 2, 0, 0, 1, 3) mate2WJ(3, 2, 0, 1, 1, 3) mate2WJ(3, 2, 2, 0, 1, 3) 
mate2WJ(0, 1, 3, 0, 1, 2) mate2WJ(0, 2, 3, 3, 1, 1) mate2WJ(1, 0, 0, 3, 2, 1) mate2WJ(1, 3, 0, 0, 2, 2) 
mate2WJ(2, 0, 3, 3, 1, 1) mate2WJ(2, 3, 3, 0, 1, 2) mate2WJ(3, 1, 0, 0, 2, 2) mate2WJ(3, 2, 0, 3, 2, 1) 
mate2WJ(0, 0, 1, 2, 1, 3) mate2WJ(0, 0, 2, 1, 3, 1) mate2WJ(0, 3, 1, 1, 1, 0) mate2WJ(0, 3, 2, 2, 3, 2) 
mate2WJ(3, 0, 1, 1, 0, 1) mate2WJ(3, 0, 2, 2, 2, 3) mate2WJ(3, 3, 1, 2, 0, 2) mate2WJ(3, 3, 2, 1, 2, 0) 
mate2WJ(0, 0, 2, 3, 3, 2) mate2WJ(0, 0, 3, 2, 2, 3) mate2WJ(0, 3, 2, 0, 3, 1) mate2WJ(0, 3, 3, 1, 2, 0) 
mate2WJ(3, 0, 0, 2, 1, 3) mate2WJ(3, 0, 1, 3, 0, 2) mate2WJ(3, 3, 0, 1, 1, 0) mate2WJ(3, 3, 1, 0, 0, 1) 
BestRule is: 
mate2WJ(BK,WK,WR) -: [~Edge(WK), Adjacent(WK,WR), Relative20(BK,WK)]
                     [~Relative20(BK,WK), Edge(BK), ~Equal(BKR,WRR), Corner(WR), ~Relative20(WK,WR), Relative21(BK,WK), ~Corner(BK)]
                     [~Relative20(BK,WK), Edge(BK), ~Equal(BKR,WRR), ~Adjacent(WK,WR), ~Corner(BK), ~Edge(WR), ~Corner(WK)]
                     [~Relative20(BK,WK), Edge(BK), ~Equal(BKR,WRR), Edge(WR), Corner(BK), ~Relative21(BK,WK), ~Corner(WK), ~Adjacent(WK,WR)]
                     [~Relative20(BK,WK), Edge(BK), ~Equal(BKR,WRR), Edge(WR), ~Diagonal(BK,WR), ~Corner(WK), ~Relative21(BK,WK), ~Edge(WK)]
                     [~Relative20(BK,WK), Edge(BK), ~Equal(BKR,WRR), ~Corner(BK), ~Diagonal(BK,WR), ~Adjacent(WK,WR), Diagonal(BK,WK)]
                     [~Relative20(BK,WK), Edge(BK), ~Equal(BKR,WRR), ~Diagonal(BK,WK), ~Corner(BK), ~Diagonal(BK,WR), ~Corner(WK), Adjacent(WK,WR), ~Relative21(BK,WK), ~Corner(WR)]
                     [~Relative20(BK,WK), Edge(BK), ~Equal(BKR,WRR), Edge(WR), Corner(WR), ~Relative21(BK,WK), Corner(BK)]
                     [~Relative20(BK,WK), Edge(BK), Relative21(BK,WK), Adjacent(BK,WR), ~Edge(WK)]
                     [~Relative20(BK,WK), ~Diagonal(BK,WR), ~Equal(BKR,WRR), ~Relative21(BK,WR), ~Diagonal(BK,WK), ~Corner(BK), ~Edge(WK)]
                     [~Relative20(BK,WK), ~Diagonal(BK,WR), ~Equal(BKR,WRR), ~Adjacent(WK,WR), Edge(BK), ~Corner(BK), ~Edge(WK)]
                     [~Relative20(BK,WK), ~Diagonal(BK,WR), ~Equal(BKR,WRR), ~Relative21(BK,WR), ~Diagonal(BK,WK), ~Relative21(BK,WK), ~Adjacent(WK,WR), ~Corner(WR), ~Relative20(WK,WR)]
                     [~Relative20(BK,WK), ~Diagonal(BK,WR), ~Equal(BKR,WRR), ~Relative21(BK,WR), ~Corner(BK), ~Adjacent(WK,WR), Corner(WK), ~Corner(WR)]
                     [~Relative20(BK,WK), Edge(BK), ~Corner(BK), ~Adjacent(WK,WR), ~Equal(BKR,WRR), ~Diagonal(BK,WR), Relative21(WK,WR), Corner(WK)]
                     [~Relative20(BK,WK), Edge(BK), ~Corner(BK), ~Adjacent(WK,WR), ~Equal(BKR,WRR), ~Adjacent(BK,WR), Relative21(BK,WK), Diagonal(BK,WR)]
                     [~Diagonal(BK,WR), ~Relative20(BK,WK), ~Equal(BKR,WRR), ~Relative21(BK,WR), ~Diagonal(BK,WK), ~Corner(BK), Relative21(WK,WR)]
                     [~Diagonal(BK,WR), ~Relative20(BK,WK), ~Equal(BKR,WRR), Edge(WR), Edge(BK), ~Diagonal(BK,WK), Corner(WR), ~Relative21(BK,WK)]
                     [~Relative20(BK,WK), Relative21(BK,WR), ~Adjacent(WK,WR), Edge(BK), ~Corner(BK), ~Diagonal(WK,WR), ~Relative20(WK,WR)]
                     [Diagonal(WK,WR), ~Relative21(BK,WR), ~Diagonal(BK,WK), ~Relative20(BK,WK), Corner(WK)]
                     [Corner(BK), Adjacent(WK,WR), Edge(WR), ~Edge(WK), ~Diagonal(WK,WR)]
                     [Diagonal(WK,WR), Corner(BK), Edge(WR), Edge(WK), ~Relative20(BK,WK), ~Equal(BKR,WRR)]
