BestRule is: 
mate1BJ(BK,WK,WR) -: [~Edge(WK), ~Adjacent(WK,WR), ~Equal(BKR,WRR), ~Equal(BKC,WRC), Corner(BK)]
mate1BJ(0, 0, 1, 2, 3, 1) mate1BJ(0, 0, 1, 2, 3, 2) mate1BJ(0, 0, 1, 2, 3, 3) mate1BJ(0, 0, 2, 1, 1, 3) 
mate1BJ(0, 0, 2, 1, 2, 3) mate1BJ(0, 0, 2, 1, 3, 3) mate1BJ(0, 3, 1, 1, 3, 0) mate1BJ(0, 3, 1, 1, 3, 1) 
mate1BJ(0, 3, 1, 1, 3, 2) mate1BJ(0, 3, 2, 2, 1, 0) mate1BJ(0, 3, 2, 2, 2, 0) mate1BJ(0, 3, 2, 2, 3, 0) 
mate1BJ(3, 0, 1, 1, 0, 3) mate1BJ(3, 0, 1, 1, 1, 3) mate1BJ(3, 0, 1, 1, 2, 3) mate1BJ(3, 0, 2, 2, 0, 1) 
mate1BJ(3, 0, 2, 2, 0, 2) mate1BJ(3, 0, 2, 2, 0, 3) mate1BJ(3, 3, 1, 2, 0, 0) mate1BJ(3, 3, 1, 2, 1, 0) 
mate1BJ(3, 3, 1, 2, 2, 0) mate1BJ(3, 3, 2, 1, 0, 0) mate1BJ(3, 3, 2, 1, 0, 1) mate1BJ(3, 3, 2, 1, 0, 2) 
BestRule is: 
mate1BJ(BK,WK,WR) -: ...[~Edge(WK), ~Corner(BK), ~InCheck(*), ~Edge(WR), Equal(BKR,WKR)]
mate1BJ(1, 0, 1, 2, 2, 1) mate1BJ(1, 0, 1, 2, 2, 2) mate1BJ(1, 3, 1, 1, 2, 1) mate1BJ(1, 3, 1, 1, 2, 2) 
mate1BJ(2, 0, 2, 2, 1, 1) mate1BJ(2, 0, 2, 2, 1, 2) mate1BJ(2, 3, 2, 1, 1, 1) mate1BJ(2, 3, 2, 1, 1, 2) 
BestRule is: 
mate1BJ(BK,WK,WR) -: ...[~Edge(WK), ~Corner(BK), ~Equal(BKR,WRR), ~Equal(BKC,WRC), ~Diagonal(BK,WR), ~Adjacent(WK,WR), ~Equal(BKR,WKR), ~Equal(BKC,WKC)]
mate1BJ(0, 1, 2, 2, 2, 0) mate1BJ(0, 1, 2, 2, 3, 0) mate1BJ(0, 2, 2, 1, 2, 3) mate1BJ(0, 2, 2, 1, 3, 3) 
mate1BJ(1, 0, 2, 2, 0, 2) mate1BJ(1, 0, 2, 2, 0, 3) mate1BJ(1, 3, 2, 1, 0, 0) mate1BJ(1, 3, 2, 1, 0, 1) 
mate1BJ(2, 0, 1, 2, 3, 2) mate1BJ(2, 0, 1, 2, 3, 3) mate1BJ(2, 3, 1, 1, 3, 0) mate1BJ(2, 3, 1, 1, 3, 1) 
mate1BJ(3, 1, 1, 2, 0, 0) mate1BJ(3, 1, 1, 2, 1, 0) mate1BJ(3, 2, 1, 1, 0, 3) mate1BJ(3, 2, 1, 1, 1, 3) 
BestRule is: 
mate1BJ(BK,WK,WR) -: ...[~Edge(WK), Equal(BKC,WKC), ~Edge(WR), ~Equal(BKC,WRC)]
mate1BJ(0, 1, 2, 1, 1, 2) mate1BJ(0, 1, 2, 1, 2, 2) mate1BJ(0, 2, 2, 2, 1, 1) mate1BJ(0, 2, 2, 2, 2, 1) 
mate1BJ(3, 1, 1, 1, 1, 2) mate1BJ(3, 1, 1, 1, 2, 2) mate1BJ(3, 2, 1, 2, 1, 1) mate1BJ(3, 2, 1, 2, 2, 1) 
BestRule is: 
mate1BJ(BK,WK,WR) -: ...[~Edge(WK), Adjacent(BK,WR), ~Adjacent(WK,WR), Corner(BK), ~Diagonal(BK,WK)]
mate1BJ(0, 0, 1, 2, 1, 0) mate1BJ(0, 0, 2, 1, 0, 1) mate1BJ(0, 3, 1, 1, 1, 3) mate1BJ(0, 3, 2, 2, 0, 2) 
mate1BJ(3, 0, 1, 1, 3, 1) mate1BJ(3, 0, 2, 2, 2, 0) mate1BJ(3, 3, 1, 2, 3, 2) mate1BJ(3, 3, 2, 1, 2, 3) 
BestRule is: 
mate1BJ(BK,WK,WR) -: ...[~Edge(WK), Equal(BKR,WKR), ~Equal(BKR,WRR), Equal(BKC,WRC), Corner(WR), Adjacent(BK,WR)]
mate1BJ(1, 0, 1, 2, 0, 0) mate1BJ(1, 3, 1, 1, 0, 3) mate1BJ(2, 0, 2, 2, 3, 0) mate1BJ(2, 3, 2, 1, 3, 3) 
BestRule is: 
mate1BJ(BK,WK,WR) -: ...[~Edge(WK), Equal(BKC,WKC), ~Equal(BKC,WRC), Equal(BKR,WRR), Corner(WR), Adjacent(BK,WR)]
mate1BJ(0, 1, 2, 1, 0, 0) mate1BJ(0, 2, 2, 2, 0, 3) mate1BJ(3, 1, 1, 1, 3, 0) mate1BJ(3, 2, 1, 2, 3, 3) 
BestRule is: 
mate1BJ(BK,WK,WR) -: ...[~InCheck(*), ~Diagonal(BK,WR), ~Corner(BK), ~Corner(WK), ~Corner(WR), ~Equal(BKR,WRR), ~Adjacent(WK,WR), ~Edge(WR)]
mate1BJ(0, 1, 2, 0, 2, 2) mate1BJ(0, 2, 2, 3, 2, 1) mate1BJ(1, 0, 0, 2, 2, 2) mate1BJ(1, 3, 0, 1, 2, 1) 
mate1BJ(2, 0, 3, 2, 1, 2) mate1BJ(2, 3, 3, 1, 1, 1) mate1BJ(3, 1, 1, 0, 1, 2) mate1BJ(3, 2, 1, 3, 1, 1) 
BestRule is: 
mate1BJ(BK,WK,WR) -: ...[~Edge(WK), Diagonal(WK,WR), Equal(BKR,WKR), ~Corner(WR), ~Adjacent(BK,WR)]
mate1BJ(1, 0, 1, 2, 2, 3) mate1BJ(1, 3, 1, 1, 2, 0) mate1BJ(2, 0, 2, 2, 1, 3) mate1BJ(2, 3, 2, 1, 1, 0) 
BestRule is: 
mate1BJ(BK,WK,WR) -: ...[~InCheck(*), ~Diagonal(BK,WR), ~Corner(BK), ~Corner(WK), ~Corner(WR), ~Equal(BKR,WRR), ~Adjacent(WK,WR), ~Equal(BKR,WKR), ~Equal(BKC,WKC), ~Diagonal(BK,WK)]
mate1BJ(0, 1, 2, 0, 3, 2) mate1BJ(0, 2, 2, 3, 3, 1) mate1BJ(1, 0, 0, 2, 2, 3) mate1BJ(1, 3, 0, 1, 2, 0) 
mate1BJ(2, 0, 3, 2, 1, 3) mate1BJ(2, 3, 3, 1, 1, 0) mate1BJ(3, 1, 1, 0, 0, 2) mate1BJ(3, 2, 1, 3, 0, 1) 
BestRule is: 
mate1BJ(BK,WK,WR) -: ...[~Edge(WK), Equal(BKC,WKC), Diagonal(WK,WR), ~Corner(WR), ~Adjacent(BK,WR)]
mate1BJ(0, 1, 2, 1, 3, 2) mate1BJ(0, 2, 2, 2, 3, 1) mate1BJ(3, 1, 1, 1, 0, 2) mate1BJ(3, 2, 1, 2, 0, 1) 
BestRule is: 
mate1BJ(BK,WK,WR) -: [~Edge(WK), ~Adjacent(WK,WR), ~Equal(BKR,WRR), ~Equal(BKC,WRC), Corner(BK)]
                     [~Edge(WK), ~Corner(BK), ~InCheck(*), ~Edge(WR), Equal(BKR,WKR)]
                     [~Edge(WK), ~Corner(BK), ~Equal(BKR,WRR), ~Equal(BKC,WRC), ~Diagonal(BK,WR), ~Adjacent(WK,WR), ~Equal(BKR,WKR), ~Equal(BKC,WKC)]
                     [~Edge(WK), Equal(BKC,WKC), ~Edge(WR), ~Equal(BKC,WRC)]
                     [~Edge(WK), Adjacent(BK,WR), ~Adjacent(WK,WR), Corner(BK), ~Diagonal(BK,WK)]
                     [~Edge(WK), Equal(BKR,WKR), ~Equal(BKR,WRR), Equal(BKC,WRC), Corner(WR), Adjacent(BK,WR)]
                     [~Edge(WK), Equal(BKC,WKC), ~Equal(BKC,WRC), Equal(BKR,WRR), Corner(WR), Adjacent(BK,WR)]
                     [~InCheck(*), ~Diagonal(BK,WR), ~Corner(BK), ~Corner(WK), ~Corner(WR), ~Equal(BKR,WRR), ~Adjacent(WK,WR), ~Edge(WR)]
                     [~Edge(WK), Diagonal(WK,WR), Equal(BKR,WKR), ~Corner(WR), ~Adjacent(BK,WR)]
                     [~InCheck(*), ~Diagonal(BK,WR), ~Corner(BK), ~Corner(WK), ~Corner(WR), ~Equal(BKR,WRR), ~Adjacent(WK,WR), ~Equal(BKR,WKR), ~Equal(BKC,WKC), ~Diagonal(BK,WK)]
                     [~Edge(WK), Equal(BKC,WKC), Diagonal(WK,WR), ~Corner(WR), ~Adjacent(BK,WR)]
